#
# There is insufficient memory for the Java Runtime Environment to continue.
# Native memory allocation (malloc) failed to allocate 32744 bytes for ChunkPool::allocate
# Possible reasons:
#   The system is out of physical RAM or swap space
#   In 32 bit mode, the process size limit was hit
# Possible solutions:
#   Reduce memory load on the system
#   Increase physical memory or swap space
#   Check if swap backing store is full
#   Use 64 bit Java on a 64 bit OS
#   Decrease Java heap size (-Xmx/-Xms)
#   Decrease number of Java threads
#   Decrease Java thread stack sizes (-Xss)
#   Set larger code cache with -XX:ReservedCodeCacheSize=
# This output file may be truncated or incomplete.
#
#  Out of Memory Error (allocation.cpp:273), pid=14548, tid=0x0000000000006644
#
# JRE version: Java(TM) SE Runtime Environment (8.0_144-b01) (build 1.8.0_144-b01)
# Java VM: Java HotSpot(TM) 64-Bit Server VM (25.144-b01 mixed mode windows-amd64 compressed oops)
# Failed to write core dump. Minidumps are not enabled by default on client versions of Windows
#

---------------  T H R E A D  ---------------

Current thread (0x000000001f94e000):  JavaThread "restartedMain" [_thread_in_vm, id=26180, stack(0x0000000020ee0000,0x0000000020fe0000)]

Stack: [0x0000000020ee0000,0x0000000020fe0000]
[error occurred during error reporting (printing stack bounds), id 0xc0000005]

Native frames: (J=compiled Java code, j=interpreted, Vv=VM code, C=native code)

Java frames: (J=compiled Java code, j=interpreted, Vv=VM code)
J 545  java.lang.Throwable.fillInStackTrace(I)Ljava/lang/Throwable; (0 bytes) @ 0x000000000317523b [0x0000000003175200+0x3b]
J 544 C1 java.lang.Throwable.fillInStackTrace()Ljava/lang/Throwable; (29 bytes) @ 0x00000000031756ac [0x0000000003175580+0x12c]
J 1240 C1 java.lang.Throwable.<init>(Ljava/lang/String;Ljava/lang/Throwable;)V (39 bytes) @ 0x00000000032d2c74 [0x00000000032d2bc0+0xb4]
J 977 C1 java.lang.ClassNotFoundException.<init>(Ljava/lang/String;)V (7 bytes) @ 0x00000000032447b4 [0x0000000003244760+0x54]
J 727 C1 java.net.URLClassLoader.findClass(Ljava/lang/String;)Ljava/lang/Class; (47 bytes) @ 0x00000000031d944c [0x00000000031d92e0+0x16c]
J 3369 C1 java.lang.ClassLoader.loadClass(Ljava/lang/String;Z)Ljava/lang/Class; (122 bytes) @ 0x00000000036c4fbc [0x00000000036c4d20+0x29c]
J 3369 C1 java.lang.ClassLoader.loadClass(Ljava/lang/String;Z)Ljava/lang/Class; (122 bytes) @ 0x00000000036c4f04 [0x00000000036c4d20+0x1e4]
J 674 C1 sun.misc.Launcher$AppClassLoader.loadClass(Ljava/lang/String;Z)Ljava/lang/Class; (85 bytes) @ 0x00000000031c31cc [0x00000000031c2ec0+0x30c]
J 673 C1 java.lang.ClassLoader.loadClass(Ljava/lang/String;)Ljava/lang/Class; (7 bytes) @ 0x00000000031c2b7c [0x00000000031c2b20+0x5c]
j  org.springframework.util.ClassUtils.forName(Ljava/lang/String;Ljava/lang/ClassLoader;)Ljava/lang/Class;+251
J 2608 C1 org.springframework.util.ClassUtils.isPresent(Ljava/lang/String;Ljava/lang/ClassLoader;)Z (11 bytes) @ 0x000000000354f5cc [0x000000000354f5a0+0x2c]
j  org.springframework.format.support.DefaultFormattingConversionService.<clinit>()V+7
v  ~StubRoutines::call_stub
j  org.springframework.web.servlet.config.annotation.WebMvcConfigurationSupport.mvcConversionService()Lorg/springframework/format/support/FormattingConversionService;+0
j  org.springframework.boot.autoconfigure.web.WebMvcAutoConfiguration$EnableWebMvcConfiguration$$EnhancerBySpringCGLIB$$6d035644.CGLIB$mvcConversionService$30()Lorg/springframework/format/support/FormattingConversionService;+1
j  org.springframework.boot.autoconfigure.web.WebMvcAutoConfiguration$EnableWebMvcConfiguration$$EnhancerBySpringCGLIB$$6d035644$$FastClassBySpringCGLIB$$3b7ad467.invoke(ILjava/lang/Object;[Ljava/lang/Object;)Ljava/lang/Object;+384
j  org.springframework.cglib.proxy.MethodProxy.invokeSuper(Ljava/lang/Object;[Ljava/lang/Object;)Ljava/lang/Object;+19
j  org.springframework.context.annotation.ConfigurationClassEnhancer$BeanMethodInterceptor.intercept(Ljava/lang/Object;Ljava/lang/reflect/Method;[Ljava/lang/Object;Lorg/springframework/cglib/proxy/MethodProxy;)Ljava/lang/Object;+225
j  org.springframework.boot.autoconfigure.web.WebMvcAutoConfiguration$EnableWebMvcConfiguration$$EnhancerBySpringCGLIB$$6d035644.mvcConversionService()Lorg/springframework/format/support/FormattingConversionService;+31
v  ~StubRoutines::call_stub
J 1778  sun.reflect.NativeMethodAccessorImpl.invoke0(Ljava/lang/reflect/Method;Ljava/lang/Object;[Ljava/lang/Object;)Ljava/lang/Object; (0 bytes) @ 0x00000000033b1cff [0x00000000033b1c80+0x7f]
J 1776 C1 sun.reflect.NativeMethodAccessorImpl.invoke(Ljava/lang/Object;[Ljava/lang/Object;)Ljava/lang/Object; (104 bytes) @ 0x00000000033bd71c [0x00000000033bd320+0x3fc]
J 1033 C1 sun.reflect.DelegatingMethodAccessorImpl.invoke(Ljava/lang/Object;[Ljava/lang/Object;)Ljava/lang/Object; (10 bytes) @ 0x0000000003276c84 [0x0000000003276c20+0x64]
J 1032 C1 java.lang.reflect.Method.invoke(Ljava/lang/Object;[Ljava/lang/Object;)Ljava/lang/Object; (62 bytes) @ 0x000000000327685c [0x0000000003276720+0x13c]
j  org.springframework.beans.factory.support.SimpleInstantiationStrategy.instantiate(Lorg/springframework/beans/factory/support/RootBeanDefinition;Ljava/lang/String;Lorg/springframework/beans/factory/BeanFactory;Ljava/lang/Object;Ljava/lang/reflect/Method;[Ljava/lang/Object;)Ljava/lang/Object;+53
j  org.springframework.beans.factory.support.ConstructorResolver.instantiateUsingFactoryMethod(Ljava/lang/String;Lorg/springframework/beans/factory/support/RootBeanDefinition;[Ljava/lang/Object;)Lorg/springframework/beans/BeanWrapper;+1441
J 5784 C1 org.springframework.beans.factory.support.AbstractAutowireCapableBeanFactory.createBeanInstance(Ljava/lang/String;Lorg/springframework/beans/factory/support/RootBeanDefinition;[Ljava/lang/Object;)Lorg/springframework/beans/BeanWrapper; (213 bytes) @ 0x0000000003b7ff74 [0x0000000003b7f780+0x7f4]
J 6007 C1 org.springframework.beans.factory.support.AbstractAutowireCapableBeanFactory.doCreateBean(Ljava/lang/String;Lorg/springframework/beans/factory/support/RootBeanDefinition;[Ljava/lang/Object;)Ljava/lang/Object; (512 bytes) @ 0x0000000003bf6d6c [0x0000000003bf6be0+0x18c]
J 5833 C1 org.springframework.beans.factory.support.AbstractAutowireCapableBeanFactory.createBean(Ljava/lang/String;Lorg/springframework/beans/factory/support/RootBeanDefinition;[Ljava/lang/Object;)Ljava/lang/Object; (222 bytes) @ 0x0000000003b9a514 [0x0000000003b99fa0+0x574]
J 5912 C1 org.springframework.beans.factory.support.AbstractBeanFactory$1.getObject()Ljava/lang/Object; (34 bytes) @ 0x0000000003bc4c24 [0x0000000003bc4bc0+0x64]
J 5905 C1 org.springframework.beans.factory.support.DefaultSingletonBeanRegistry.getSingleton(Ljava/lang/String;Lorg/springframework/beans/factory/ObjectFactory;)Ljava/lang/Object; (309 bytes) @ 0x0000000003bc006c [0x0000000003bbfb80+0x4ec]
J 2635 C1 org.springframework.beans.factory.support.AbstractBeanFactory.doGetBean(Ljava/lang/String;Ljava/lang/Class;[Ljava/lang/Object;Z)Ljava/lang/Object; (732 bytes) @ 0x00000000035646fc [0x0000000003564140+0x5bc]
J 5780 C1 org.springframework.beans.factory.support.AbstractBeanFactory.getBean(Ljava/lang/String;)Ljava/lang/Object; (9 bytes) @ 0x0000000003b7e424 [0x0000000003b7e3c0+0x64]
j  org.springframework.context.annotation.ConfigurationClassEnhancer$BeanMethodInterceptor.intercept(Ljava/lang/Object;Ljava/lang/reflect/Method;[Ljava/lang/Object;Lorg/springframework/cglib/proxy/MethodProxy;)Ljava/lang/Object;+350
j  org.springframework.boot.autoconfigure.web.WebMvcAutoConfiguration$EnableWebMvcConfiguration$$EnhancerBySpringCGLIB$$6d035644.mvcConversionService()Lorg/springframework/format/support/FormattingConversionService;+31
j  org.springframework.web.servlet.config.annotation.WebMvcConfigurationSupport.getInterceptors()[Ljava/lang/Object;+26
j  org.springframework.web.servlet.config.annotation.WebMvcConfigurationSupport.requestMappingHandlerMapping()Lorg/springframework/web/servlet/mvc/method/annotation/RequestMappingHandlerMapping;+12
j  org.springframework.boot.autoconfigure.web.WebMvcAutoConfiguration$EnableWebMvcConfiguration.requestMappingHandlerMapping()Lorg/springframework/web/servlet/mvc/method/annotation/RequestMappingHandlerMapping;+1
j  org.springframework.boot.autoconfigure.web.WebMvcAutoConfiguration$EnableWebMvcConfiguration$$EnhancerBySpringCGLIB$$6d035644.CGLIB$requestMappingHandlerMapping$2()Lorg/springframework/web/servlet/mvc/method/annotation/RequestMappingHandlerMapping;+1
j  org.springframework.boot.autoconfigure.web.WebMvcAutoConfiguration$EnableWebMvcConfiguration$$EnhancerBySpringCGLIB$$6d035644$$FastClassBySpringCGLIB$$3b7ad467.invoke(ILjava/lang/Object;[Ljava/lang/Object;)Ljava/lang/Object;+408
j  org.springframework.cglib.proxy.MethodProxy.invokeSuper(Ljava/lang/Object;[Ljava/lang/Object;)Ljava/lang/Object;+19
j  org.springframework.context.annotation.ConfigurationClassEnhancer$BeanMethodInterceptor.intercept(Ljava/lang/Object;Ljava/lang/reflect/Method;[Ljava/lang/Object;Lorg/springframework/cglib/proxy/MethodProxy;)Ljava/lang/Object;+225
j  org.springframework.boot.autoconfigure.web.WebMvcAutoConfiguration$EnableWebMvcConfiguration$$EnhancerBySpringCGLIB$$6d035644.requestMappingHandlerMapping()Lorg/springframework/web/servlet/mvc/method/annotation/RequestMappingHandlerMapping;+31
v  ~StubRoutines::call_stub
J 1778  sun.reflect.NativeMethodAccessorImpl.invoke0(Ljava/lang/reflect/Method;Ljava/lang/Object;[Ljava/lang/Object;)Ljava/lang/Object; (0 bytes) @ 0x00000000033b1cff [0x00000000033b1c80+0x7f]
J 1776 C1 sun.reflect.NativeMethodAccessorImpl.invoke(Ljava/lang/Object;[Ljava/lang/Object;)Ljava/lang/Object; (104 bytes) @ 0x00000000033bd71c [0x00000000033bd320+0x3fc]
J 1033 C1 sun.reflect.DelegatingMethodAccessorImpl.invoke(Ljava/lang/Object;[Ljava/lang/Object;)Ljava/lang/Object; (10 bytes) @ 0x0000000003276c84 [0x0000000003276c20+0x64]
J 1032 C1 java.lang.reflect.Method.invoke(Ljava/lang/Object;[Ljava/lang/Object;)Ljava/lang/Object; (62 bytes) @ 0x000000000327685c [0x0000000003276720+0x13c]
j  org.springframework.beans.factory.support.SimpleInstantiationStrategy.instantiate(Lorg/springframework/beans/factory/support/RootBeanDefinition;Ljava/lang/String;Lorg/springframework/beans/factory/BeanFactory;Ljava/lang/Object;Ljava/lang/reflect/Method;[Ljava/lang/Object;)Ljava/lang/Object;+53
j  org.springframework.beans.factory.support.ConstructorResolver.instantiateUsingFactoryMethod(Ljava/lang/String;Lorg/springframework/beans/factory/support/RootBeanDefinition;[Ljava/lang/Object;)Lorg/springframework/beans/BeanWrapper;+1441
J 5784 C1 org.springframework.beans.factory.support.AbstractAutowireCapableBeanFactory.createBeanInstance(Ljava/lang/String;Lorg/springframework/beans/factory/support/RootBeanDefinition;[Ljava/lang/Object;)Lorg/springframework/beans/BeanWrapper; (213 bytes) @ 0x0000000003b7ff74 [0x0000000003b7f780+0x7f4]
J 6007 C1 org.springframework.beans.factory.support.AbstractAutowireCapableBeanFactory.doCreateBean(Ljava/lang/String;Lorg/springframework/beans/factory/support/RootBeanDefinition;[Ljava/lang/Object;)Ljava/lang/Object; (512 bytes) @ 0x0000000003bf6d6c [0x0000000003bf6be0+0x18c]
J 5833 C1 org.springframework.beans.factory.support.AbstractAutowireCapableBeanFactory.createBean(Ljava/lang/String;Lorg/springframework/beans/factory/support/RootBeanDefinition;[Ljava/lang/Object;)Ljava/lang/Object; (222 bytes) @ 0x0000000003b9a514 [0x0000000003b99fa0+0x574]
J 5912 C1 org.springframework.beans.factory.support.AbstractBeanFactory$1.getObject()Ljava/lang/Object; (34 bytes) @ 0x0000000003bc4c24 [0x0000000003bc4bc0+0x64]
J 5905 C1 org.springframework.beans.factory.support.DefaultSingletonBeanRegistry.getSingleton(Ljava/lang/String;Lorg/springframework/beans/factory/ObjectFactory;)Ljava/lang/Object; (309 bytes) @ 0x0000000003bc006c [0x0000000003bbfb80+0x4ec]
J 2635 C1 org.springframework.beans.factory.support.AbstractBeanFactory.doGetBean(Ljava/lang/String;Ljava/lang/Class;[Ljava/lang/Object;Z)Ljava/lang/Object; (732 bytes) @ 0x00000000035646fc [0x0000000003564140+0x5bc]
J 6006 C1 org.springframework.beans.factory.support.DefaultListableBeanFactory.findAutowireCandidates(Ljava/lang/String;Ljava/lang/Class;Lorg/springframework/beans/factory/config/DependencyDescriptor;)Ljava/util/Map; (277 bytes) @ 0x0000000003bf574c [0x0000000003bf53a0+0x3ac]
j  org.springframework.beans.factory.support.DefaultListableBeanFactory.doResolveDependency(Lorg/springframework/beans/factory/config/DependencyDescriptor;Ljava/lang/String;Ljava/util/Set;Lorg/springframework/beans/TypeConverter;)Ljava/lang/Object;+407
J 6001 C1 org.springframework.beans.factory.support.DefaultListableBeanFactory.resolveDependency(Lorg/springframework/beans/factory/config/DependencyDescriptor;Ljava/lang/String;Ljava/util/Set;Lorg/springframework/beans/TypeConverter;)Ljava/lang/Object; (113 bytes) @ 0x0000000003bf3444 [0x0000000003bf32c0+0x184]
j  org.springframework.beans.factory.support.ConstructorResolver.resolveAutowiredArgument(Lorg/springframework/core/MethodParameter;Ljava/lang/String;Ljava/util/Set;Lorg/springframework/beans/TypeConverter;)Ljava/lang/Object;+17
j  org.springframework.beans.factory.support.ConstructorResolver.createArgumentArray(Ljava/lang/String;Lorg/springframework/beans/factory/support/RootBeanDefinition;Lorg/springframework/beans/factory/config/ConstructorArgumentValues;Lorg/springframework/beans/BeanWrapper;[Ljava/lang/Class;[Ljava/lang/String;Ljava/lang/Object;Z)Lorg/springframework/beans/factory/support/ConstructorResolver$ArgumentsHolder;+432
j  org.springframework.beans.factory.support.ConstructorResolver.autowireConstructor(Ljava/lang/String;Lorg/springframework/beans/factory/support/RootBeanDefinition;[Ljava/lang/reflect/Constructor;[Ljava/lang/Object;)Lorg/springframework/beans/BeanWrapper;+415
J 5784 C1 org.springframework.beans.factory.support.AbstractAutowireCapableBeanFactory.createBeanInstance(Ljava/lang/String;Lorg/springframework/beans/factory/support/RootBeanDefinition;[Ljava/lang/Object;)Lorg/springframework/beans/BeanWrapper; (213 bytes) @ 0x0000000003b7fdd4 [0x0000000003b7f780+0x654]
J 6007 C1 org.springframework.beans.factory.support.AbstractAutowireCapableBeanFactory.doCreateBean(Ljava/lang/String;Lorg/springframework/beans/factory/support/RootBeanDefinition;[Ljava/lang/Object;)Ljava/lang/Object; (512 bytes) @ 0x0000000003bf6d6c [0x0000000003bf6be0+0x18c]
J 5833 C1 org.springframework.beans.factory.support.AbstractAutowireCapableBeanFactory.createBean(Ljava/lang/String;Lorg/springframework/beans/factory/support/RootBeanDefinition;[Ljava/lang/Object;)Ljava/lang/Object; (222 bytes) @ 0x0000000003b9a514 [0x0000000003b99fa0+0x574]
J 5912 C1 org.springframework.beans.factory.support.AbstractBeanFactory$1.getObject()Ljava/lang/Object; (34 bytes) @ 0x0000000003bc4c24 [0x0000000003bc4bc0+0x64]
J 5905 C1 org.springframework.beans.factory.support.DefaultSingletonBeanRegistry.getSingleton(Ljava/lang/String;Lorg/springframework/beans/factory/ObjectFactory;)Ljava/lang/Object; (309 bytes) @ 0x0000000003bc006c [0x0000000003bbfb80+0x4ec]
J 2635 C1 org.springframework.beans.factory.support.AbstractBeanFactory.doGetBean(Ljava/lang/String;Ljava/lang/Class;[Ljava/lang/Object;Z)Ljava/lang/Object; (732 bytes) @ 0x00000000035646fc [0x0000000003564140+0x5bc]
J 6006 C1 org.springframework.beans.factory.support.DefaultListableBeanFactory.findAutowireCandidates(Ljava/lang/String;Ljava/lang/Class;Lorg/springframework/beans/factory/config/DependencyDescriptor;)Ljava/util/Map; (277 bytes) @ 0x0000000003bf574c [0x0000000003bf53a0+0x3ac]
j  org.springframework.beans.factory.support.DefaultListableBeanFactory.doResolveDependency(Lorg/springframework/beans/factory/config/DependencyDescriptor;Ljava/lang/String;Ljava/util/Set;Lorg/springframework/beans/TypeConverter;)Ljava/lang/Object;+407
J 6001 C1 org.springframework.beans.factory.support.DefaultListableBeanFactory.resolveDependency(Lorg/springframework/beans/factory/config/DependencyDescriptor;Ljava/lang/String;Ljava/util/Set;Lorg/springframework/beans/TypeConverter;)Ljava/lang/Object; (113 bytes) @ 0x0000000003bf3444 [0x0000000003bf32c0+0x184]
j  org.springframework.beans.factory.support.ConstructorResolver.resolveAutowiredArgument(Lorg/springframework/core/MethodParameter;Ljava/lang/String;Ljava/util/Set;Lorg/springframework/beans/TypeConverter;)Ljava/lang/Object;+17
j  org.springframework.beans.factory.support.ConstructorResolver.createArgumentArray(Ljava/lang/String;Lorg/springframework/beans/factory/support/RootBeanDefinition;Lorg/springframework/beans/factory/config/ConstructorArgumentValues;Lorg/springframework/beans/BeanWrapper;[Ljava/lang/Class;[Ljava/lang/String;Ljava/lang/Object;Z)Lorg/springframework/beans/factory/support/ConstructorResolver$ArgumentsHolder;+432
j  org.springframework.beans.factory.support.ConstructorResolver.autowireConstructor(Ljava/lang/String;Lorg/springframework/beans/factory/support/RootBeanDefinition;[Ljava/lang/reflect/Constructor;[Ljava/lang/Object;)Lorg/springframework/beans/BeanWrapper;+415
J 5784 C1 org.springframework.beans.factory.support.AbstractAutowireCapableBeanFactory.createBeanInstance(Ljava/lang/String;Lorg/springframework/beans/factory/support/RootBeanDefinition;[Ljava/lang/Object;)Lorg/springframework/beans/BeanWrapper; (213 bytes) @ 0x0000000003b7fdd4 [0x0000000003b7f780+0x654]
J 6007 C1 org.springframework.beans.factory.support.AbstractAutowireCapableBeanFactory.doCreateBean(Ljava/lang/String;Lorg/springframework/beans/factory/support/RootBeanDefinition;[Ljava/lang/Object;)Ljava/lang/Object; (512 bytes) @ 0x0000000003bf6d6c [0x0000000003bf6be0+0x18c]
J 5833 C1 org.springframework.beans.factory.support.AbstractAutowireCapableBeanFactory.createBean(Ljava/lang/String;Lorg/springframework/beans/factory/support/RootBeanDefinition;[Ljava/lang/Object;)Ljava/lang/Object; (222 bytes) @ 0x0000000003b9a514 [0x0000000003b99fa0+0x574]
J 5912 C1 org.springframework.beans.factory.support.AbstractBeanFactory$1.getObject()Ljava/lang/Object; (34 bytes) @ 0x0000000003bc4c24 [0x0000000003bc4bc0+0x64]
J 5905 C1 org.springframework.beans.factory.support.DefaultSingletonBeanRegistry.getSingleton(Ljava/lang/String;Lorg/springframework/beans/factory/ObjectFactory;)Ljava/lang/Object; (309 bytes) @ 0x0000000003bc006c [0x0000000003bbfb80+0x4ec]
J 2635 C1 org.springframework.beans.factory.support.AbstractBeanFactory.doGetBean(Ljava/lang/String;Ljava/lang/Class;[Ljava/lang/Object;Z)Ljava/lang/Object; (732 bytes) @ 0x00000000035646fc [0x0000000003564140+0x5bc]
J 5780 C1 org.springframework.beans.factory.support.AbstractBeanFactory.getBean(Ljava/lang/String;)Ljava/lang/Object; (9 bytes) @ 0x0000000003b7e424 [0x0000000003b7e3c0+0x64]
j  org.springframework.beans.factory.support.DefaultListableBeanFactory.preInstantiateSingletons()V+231
j  org.springframework.context.support.AbstractApplicationContext.finishBeanFactoryInitialization(Lorg/springframework/beans/factory/config/ConfigurableListableBeanFactory;)V+103
j  org.springframework.context.support.AbstractApplicationContext.refresh()V+54
j  org.springframework.boot.context.embedded.EmbeddedWebApplicationContext.refresh()V+1
j  org.springframework.boot.SpringApplication.refresh(Lorg/springframework/context/ApplicationContext;)V+10
j  org.springframework.boot.SpringApplication.createAndRefreshContext(Lorg/springframework/boot/SpringApplicationRunListeners;Lorg/springframework/boot/ApplicationArguments;)Lorg/springframework/context/ConfigurableApplicationContext;+178
j  org.springframework.boot.SpringApplication.run([Ljava/lang/String;)Lorg/springframework/context/ConfigurableApplicationContext;+45
j  org.springframework.boot.SpringApplication.run([Ljava/lang/Object;[Ljava/lang/String;)Lorg/springframework/context/ConfigurableApplicationContext;+9
j  org.springframework.boot.SpringApplication.run(Ljava/lang/Object;[Ljava/lang/String;)Lorg/springframework/context/ConfigurableApplicationContext;+9
j  com.vn.osp.notarialservices.NotarialServicesAPIApplication.main([Ljava/lang/String;)V+3
v  ~StubRoutines::call_stub
j  sun.reflect.NativeMethodAccessorImpl.invoke0(Ljava/lang/reflect/Method;Ljava/lang/Object;[Ljava/lang/Object;)Ljava/lang/Object;+0
j  sun.reflect.NativeMethodAccessorImpl.invoke(Ljava/lang/Object;[Ljava/lang/Object;)Ljava/lang/Object;+100
j  sun.reflect.DelegatingMethodAccessorImpl.invoke(Ljava/lang/Object;[Ljava/lang/Object;)Ljava/lang/Object;+6
j  java.lang.reflect.Method.invoke(Ljava/lang/Object;[Ljava/lang/Object;)Ljava/lang/Object;+56
j  org.springframework.boot.devtools.restart.RestartLauncher.run()V+41
v  ~StubRoutines::call_stub

---------------  P R O C E S S  ---------------

Java Threads: ( => current thread )
  0x000000001fe95000 JavaThread "RMI TCP Connection(3)-192.168.40.2" daemon [_thread_in_native, id=24408, stack(0x0000000024ab0000,0x0000000024bb0000)]
  0x000000001fe91000 JavaThread "Abandoned connection cleanup thread" daemon [_thread_blocked, id=5444, stack(0x0000000023db0000,0x0000000023eb0000)]
  0x000000001fe8f800 JavaThread "Tomcat JDBC Pool Cleaner[414493378:1599184502119]" daemon [_thread_blocked, id=13804, stack(0x0000000023cb0000,0x0000000023db0000)]
  0x000000001fe92800 JavaThread "container-0" [_thread_blocked, id=11452, stack(0x0000000023bb0000,0x0000000023cb0000)]
  0x000000001fe93800 JavaThread "ContainerBackgroundProcessor[StandardEngine[Tomcat].StandardHost[localhost].StandardContext[/api]]" daemon [_thread_blocked, id=20756, stack(0x0000000023ab0000,0x0000000023bb0000)]
  0x000000001fe90800 JavaThread "localhost-startStop-1" daemon [_thread_blocked, id=10628, stack(0x00000000237b0000,0x00000000238b0000)]
  0x000000001fe94000 JavaThread "Tomcat-startStop-1" daemon [_thread_blocked, id=6252, stack(0x00000000219e0000,0x0000000021ae0000)]
  0x00000000200f4800 JavaThread "RMI Scheduler(0)" daemon [_thread_blocked, id=27284, stack(0x00000000212e0000,0x00000000213e0000)]
  0x000000002007b000 JavaThread "RMI TCP Connection(2)-192.168.40.2" daemon [_thread_in_native, id=14512, stack(0x0000000020fe0000,0x00000000210e0000)]
=>0x000000001f94e000 JavaThread "restartedMain" [_thread_in_vm, id=26180, stack(0x0000000020ee0000,0x0000000020fe0000)]
  0x000000001f94a000 JavaThread "Thread-1" [_thread_blocked, id=5540, stack(0x0000000020de0000,0x0000000020ee0000)]
  0x000000001f783800 JavaThread "RMI TCP Accept-0" daemon [_thread_in_native, id=27240, stack(0x00000000208a0000,0x00000000209a0000)]
  0x000000001f18d800 JavaThread "Service Thread" daemon [_thread_blocked, id=3576, stack(0x0000000020460000,0x0000000020560000)]
  0x000000001f161000 JavaThread "C1 CompilerThread2" daemon [_thread_in_native, id=20732, stack(0x000000001f390000,0x000000001f490000)]
  0x000000001f117000 JavaThread "C2 CompilerThread1" daemon [_thread_blocked, id=9840, stack(0x000000001f290000,0x000000001f390000)]
  0x000000001f143000 JavaThread "C2 CompilerThread0" daemon [_thread_blocked, id=26732, stack(0x000000001f190000,0x000000001f290000)]
  0x000000001e087800 JavaThread "JDWP Command Reader" daemon [_thread_in_native, id=14024, stack(0x000000001e890000,0x000000001e990000)]
  0x000000001e086800 JavaThread "JDWP Event Helper Thread" daemon [_thread_blocked, id=23716, stack(0x000000001e790000,0x000000001e890000)]
  0x000000001c60e000 JavaThread "JDWP Transport Listener: dt_shmem" daemon [_thread_blocked, id=8352, stack(0x000000001e690000,0x000000001e790000)]
  0x000000001c607800 JavaThread "Attach Listener" daemon [_thread_blocked, id=15508, stack(0x000000001e570000,0x000000001e670000)]
  0x000000001c604000 JavaThread "Signal Dispatcher" daemon [_thread_blocked, id=27088, stack(0x000000001e470000,0x000000001e570000)]
  0x000000001c5ea000 JavaThread "Finalizer" daemon [_thread_blocked, id=15964, stack(0x000000001de70000,0x000000001df70000)]
  0x000000001c5c3000 JavaThread "Reference Handler" daemon [_thread_blocked, id=8900, stack(0x000000001dd70000,0x000000001de70000)]
  0x0000000002d48800 JavaThread "main" [_thread_blocked, id=20784, stack(0x0000000002bf0000,0x0000000002cf0000)]

Other Threads:
  0x000000001c5ba800 VMThread [stack: 0x000000001dc70000,0x000000001dd70000] [id=1936]
  0x000000001f798800 WatcherThread [stack: 0x00000000209a0000,0x0000000020aa0000] [id=24020]

VM state:not at safepoint (normal execution)

VM Mutex/Monitor currently owned by a thread: None

Heap:
 PSYoungGen      total 454656K, used 106326K [0x000000076c600000, 0x0000000789180000, 0x00000007c0000000)
  eden space 439296K, 20% used [0x000000076c600000,0x0000000771ed6868,0x0000000787300000)
  from space 15360K, 99% used [0x0000000788180000,0x000000078907f070,0x0000000789080000)
  to   space 14848K, 0% used [0x0000000787300000,0x0000000787300000,0x0000000788180000)
 ParOldGen       total 130048K, used 60775K [0x00000006c5200000, 0x00000006cd100000, 0x000000076c600000)
  object space 130048K, 46% used [0x00000006c5200000,0x00000006c8d59e80,0x00000006cd100000)
 Metaspace       used 53138K, capacity 53754K, committed 54272K, reserved 1101824K
  class space    used 6702K, capacity 6834K, committed 6912K, reserved 1048576K

Card table byte_map: [0x0000000012350000,0x0000000012b30000] byte_map_base: 0x000000000ed27000

Marking Bits: (ParMarkBitMap*) 0x000000006dc1d850
 Begin Bits: [0x0000000013670000, 0x0000000017528000)
 End Bits:   [0x0000000017528000, 0x000000001b3e0000)

Polling page: 0x0000000002cf0000

CodeCache: size=245760Kb used=12831Kb max_used=12831Kb free=232928Kb
 bounds [0x0000000002f90000, 0x0000000003c20000, 0x0000000011f90000]
 total_blobs=6513 nmethods=5968 adapters=463
 compilation: enabled

Compilation events (10 events):
Event: 16.155 Thread 0x000000001f161000 nmethod 6036 0x0000000003c15790 code [0x0000000003c15b20, 0x0000000003c169d8]
Event: 16.155 Thread 0x000000001f161000 6035   !   1       org.springframework.beans.factory.support.DisposableBeanAdapter::inferDestroyMethodIfNecessary (88 bytes)
Event: 16.156 Thread 0x000000001f161000 nmethod 6035 0x0000000003c178d0 code [0x0000000003c17a80, 0x0000000003c17f08]
Event: 16.156 Thread 0x000000001f161000 6037       1       org.springframework.beans.factory.annotation.AutowiredAnnotationBeanPostProcessor::postProcessMergedBeanDefinition (20 bytes)
Event: 16.156 Thread 0x000000001f161000 nmethod 6037 0x0000000003c183d0 code [0x0000000003c18540, 0x0000000003c186d8]
Event: 16.156 Thread 0x000000001f161000 6038       1       org.springframework.beans.factory.annotation.RequiredAnnotationBeanPostProcessor::postProcessMergedBeanDefinition (1 bytes)
Event: 16.156 Thread 0x000000001f161000 nmethod 6038 0x0000000003c187d0 code [0x0000000003c18920, 0x0000000003c18a30]
Event: 16.167 Thread 0x000000001f161000 6039       1       java.lang.Class::getProtectionDomain (63 bytes)
Event: 16.167 Thread 0x000000001f161000 nmethod 6039 0x0000000003c18e10 code [0x0000000003c18fe0, 0x0000000003c193c8]
Event: 16.182 Thread 0x000000001f161000 6041   !   1       org.springframework.beans.factory.support.ConstructorResolver::createArgumentArray (627 bytes)

GC Heap History (10 events):
Event: 8.922 GC heap before
{Heap before GC invocations=10 (full 1):
 PSYoungGen      total 454656K, used 448466K [0x000000076c600000, 0x0000000789180000, 0x00000007c0000000)
  eden space 439296K, 100% used [0x000000076c600000,0x0000000787300000,0x0000000787300000)
  from space 15360K, 59% used [0x0000000788180000,0x0000000788a74bd0,0x0000000789080000)
  to   space 14848K, 0% used [0x0000000787300000,0x0000000787300000,0x0000000788180000)
 ParOldGen       total 85504K, used 11096K [0x00000006c5200000, 0x00000006ca580000, 0x000000076c600000)
  object space 85504K, 12% used [0x00000006c5200000,0x00000006c5cd6000,0x00000006ca580000)
 Metaspace       used 28775K, capacity 29208K, committed 29440K, reserved 1075200K
  class space    used 3691K, capacity 3809K, committed 3840K, reserved 1048576K
Event: 8.930 GC heap after
Heap after GC invocations=10 (full 1):
 PSYoungGen      total 454144K, used 14028K [0x000000076c600000, 0x0000000789180000, 0x00000007c0000000)
  eden space 439296K, 0% used [0x000000076c600000,0x000000076c600000,0x0000000787300000)
  from space 14848K, 94% used [0x0000000787300000,0x00000007880b3050,0x0000000788180000)
  to   space 15360K, 0% used [0x0000000788180000,0x0000000788180000,0x0000000789080000)
 ParOldGen       total 85504K, used 12475K [0x00000006c5200000, 0x00000006ca580000, 0x000000076c600000)
  object space 85504K, 14% used [0x00000006c5200000,0x00000006c5e2ec78,0x00000006ca580000)
 Metaspace       used 28775K, capacity 29208K, committed 29440K, reserved 1075200K
  class space    used 3691K, capacity 3809K, committed 3840K, reserved 1048576K
}
Event: 10.656 GC heap before
{Heap before GC invocations=11 (full 1):
 PSYoungGen      total 454144K, used 437990K [0x000000076c600000, 0x0000000789180000, 0x00000007c0000000)
  eden space 439296K, 96% used [0x000000076c600000,0x0000000786406b68,0x0000000787300000)
  from space 14848K, 94% used [0x0000000787300000,0x00000007880b3050,0x0000000788180000)
  to   space 15360K, 0% used [0x0000000788180000,0x0000000788180000,0x0000000789080000)
 ParOldGen       total 85504K, used 12475K [0x00000006c5200000, 0x00000006ca580000, 0x000000076c600000)
  object space 85504K, 14% used [0x00000006c5200000,0x00000006c5e2ec78,0x00000006ca580000)
 Metaspace       used 34851K, capacity 35340K, committed 35496K, reserved 1081344K
  class space    used 4463K, capacity 4607K, committed 4608K, reserved 1048576K
Event: 10.664 GC heap after
Heap after GC invocations=11 (full 1):
 PSYoungGen      total 454656K, used 15332K [0x000000076c600000, 0x0000000789180000, 0x00000007c0000000)
  eden space 439296K, 0% used [0x000000076c600000,0x000000076c600000,0x0000000787300000)
  from space 15360K, 99% used [0x0000000788180000,0x0000000789079330,0x0000000789080000)
  to   space 14848K, 0% used [0x0000000787300000,0x0000000787300000,0x0000000788180000)
 ParOldGen       total 85504K, used 15893K [0x00000006c5200000, 0x00000006ca580000, 0x000000076c600000)
  object space 85504K, 18% used [0x00000006c5200000,0x00000006c6185798,0x00000006ca580000)
 Metaspace       used 34851K, capacity 35340K, committed 35496K, reserved 1081344K
  class space    used 4463K, capacity 4607K, committed 4608K, reserved 1048576K
}
Event: 10.664 GC heap before
{Heap before GC invocations=12 (full 2):
 PSYoungGen      total 454656K, used 15332K [0x000000076c600000, 0x0000000789180000, 0x00000007c0000000)
  eden space 439296K, 0% used [0x000000076c600000,0x000000076c600000,0x0000000787300000)
  from space 15360K, 99% used [0x0000000788180000,0x0000000789079330,0x0000000789080000)
  to   space 14848K, 0% used [0x0000000787300000,0x0000000787300000,0x0000000788180000)
 ParOldGen       total 85504K, used 15893K [0x00000006c5200000, 0x00000006ca580000, 0x000000076c600000)
  object space 85504K, 18% used [0x00000006c5200000,0x00000006c6185798,0x00000006ca580000)
 Metaspace       used 34851K, capacity 35340K, committed 35496K, reserved 1081344K
  class space    used 4463K, capacity 4607K, committed 4608K, reserved 1048576K
Event: 10.745 GC heap after
Heap after GC invocations=12 (full 2):
 PSYoungGen      total 454656K, used 0K [0x000000076c600000, 0x0000000789180000, 0x00000007c0000000)
  eden space 439296K, 0% used [0x000000076c600000,0x000000076c600000,0x0000000787300000)
  from space 15360K, 0% used [0x0000000788180000,0x0000000788180000,0x0000000789080000)
  to   space 14848K, 0% used [0x0000000787300000,0x0000000787300000,0x0000000788180000)
 ParOldGen       total 130048K, used 29863K [0x00000006c5200000, 0x00000006cd100000, 0x000000076c600000)
  object space 130048K, 22% used [0x00000006c5200000,0x00000006c6f29c10,0x00000006cd100000)
 Metaspace       used 34851K, capacity 35340K, committed 35496K, reserved 1081344K
  class space    used 4463K, capacity 4607K, committed 4608K, reserved 1048576K
}
Event: 13.409 GC heap before
{Heap before GC invocations=13 (full 2):
 PSYoungGen      total 454656K, used 439296K [0x000000076c600000, 0x0000000789180000, 0x00000007c0000000)
  eden space 439296K, 100% used [0x000000076c600000,0x0000000787300000,0x0000000787300000)
  from space 15360K, 0% used [0x0000000788180000,0x0000000788180000,0x0000000789080000)
  to   space 14848K, 0% used [0x0000000787300000,0x0000000787300000,0x0000000788180000)
 ParOldGen       total 130048K, used 29863K [0x00000006c5200000, 0x00000006cd100000, 0x000000076c600000)
  object space 130048K, 22% used [0x00000006c5200000,0x00000006c6f29c10,0x00000006cd100000)
 Metaspace       used 45515K, capacity 46080K, committed 46592K, reserved 1089536K
  class space    used 5890K, capacity 6035K, committed 6144K, reserved 1048576K
Event: 13.422 GC heap after
Heap after GC invocations=13 (full 2):
 PSYoungGen      total 454144K, used 14826K [0x000000076c600000, 0x0000000789180000, 0x00000007c0000000)
  eden space 439296K, 0% used [0x000000076c600000,0x000000076c600000,0x0000000787300000)
  from space 14848K, 99% used [0x0000000787300000,0x000000078817ab40,0x0000000788180000)
  to   space 15360K, 0% used [0x0000000788180000,0x0000000788180000,0x0000000789080000)
 ParOldGen       total 130048K, used 43347K [0x00000006c5200000, 0x00000006cd100000, 0x000000076c600000)
  object space 130048K, 33% used [0x00000006c5200000,0x00000006c7c54ca8,0x00000006cd100000)
 Metaspace       used 45515K, capacity 46080K, committed 46592K, reserved 1089536K
  class space    used 5890K, capacity 6035K, committed 6144K, reserved 1048576K
}
Event: 15.736 GC heap before
{Heap before GC invocations=14 (full 2):
 PSYoungGen      total 454144K, used 454122K [0x000000076c600000, 0x0000000789180000, 0x00000007c0000000)
  eden space 439296K, 100% used [0x000000076c600000,0x0000000787300000,0x0000000787300000)
  from space 14848K, 99% used [0x0000000787300000,0x000000078817ab40,0x0000000788180000)
  to   space 15360K, 0% used [0x0000000788180000,0x0000000788180000,0x0000000789080000)
 ParOldGen       total 130048K, used 43347K [0x00000006c5200000, 0x00000006cd100000, 0x000000076c600000)
  object space 130048K, 33% used [0x00000006c5200000,0x00000006c7c54ca8,0x00000006cd100000)
 Metaspace       used 52037K, capacity 52644K, committed 53120K, reserved 1099776K
  class space    used 6578K, capacity 6729K, committed 6784K, reserved 1048576K
Event: 15.748 GC heap after
Heap after GC invocations=14 (full 2):
 PSYoungGen      total 454656K, used 15356K [0x000000076c600000, 0x0000000789180000, 0x00000007c0000000)
  eden space 439296K, 0% used [0x000000076c600000,0x000000076c600000,0x0000000787300000)
  from space 15360K, 99% used [0x0000000788180000,0x000000078907f070,0x0000000789080000)
  to   space 14848K, 0% used [0x0000000787300000,0x0000000787300000,0x0000000788180000)
 ParOldGen       total 130048K, used 60775K [0x00000006c5200000, 0x00000006cd100000, 0x000000076c600000)
  object space 130048K, 46% used [0x00000006c5200000,0x00000006c8d59e80,0x00000006cd100000)
 Metaspace       used 52037K, capacity 52644K, committed 53120K, reserved 1099776K
  class space    used 6578K, capacity 6729K, committed 6784K, reserved 1048576K
}

Deoptimization events (0 events):
No events

Internal exceptions (10 events):
Event: 16.160 Thread 0x000000001f94e000 Exception <a 'java/lang/ClassNotFoundException': springfox/documentation/spring/web/readers/parameter/ParameterRequiredReaderCustomizer> (0x00000007718e15e8) thrown at [C:\re\workspace\8-2-build-windows-amd64-cygwin\jdk8u144\9417\hotspot\src\share\vm\clas
Event: 16.161 Thread 0x000000001f94e000 Exception <a 'java/lang/ClassNotFoundException': java/lang/ObjectCustomizer> (0x0000000771914b00) thrown at [C:\re\workspace\8-2-build-windows-amd64-cygwin\jdk8u144\9417\hotspot\src\share\vm\classfile\systemDictionary.cpp, line 210]
Event: 16.162 Thread 0x000000001f94e000 Exception <a 'java/lang/ClassNotFoundException': springfox/documentation/spring/web/readers/parameter/ParameterTypeReaderCustomizer> (0x0000000771974910) thrown at [C:\re\workspace\8-2-build-windows-amd64-cygwin\jdk8u144\9417\hotspot\src\share\vm\classfil
Event: 16.163 Thread 0x000000001f94e000 Exception <a 'java/lang/ArrayIndexOutOfBoundsException'> (0x00000007719b45c8) thrown at [C:\re\workspace\8-2-build-windows-amd64-cygwin\jdk8u144\9417\hotspot\src\share\vm\runtime\sharedRuntime.cpp, line 605]
Event: 16.165 Thread 0x000000001f94e000 Exception <a 'java/lang/ArrayIndexOutOfBoundsException'> (0x00000007719e9378) thrown at [C:\re\workspace\8-2-build-windows-amd64-cygwin\jdk8u144\9417\hotspot\src\share\vm\runtime\sharedRuntime.cpp, line 605]
Event: 16.173 Thread 0x000000001f94e000 Exception <a 'java/lang/ClassNotFoundException': java/lang/ObjectCustomizer> (0x0000000771c5f778) thrown at [C:\re\workspace\8-2-build-windows-amd64-cygwin\jdk8u144\9417\hotspot\src\share\vm\classfile\systemDictionary.cpp, line 210]
Event: 16.174 Thread 0x000000001f94e000 Exception <a 'java/lang/ClassNotFoundException': org/springframework/orm/jpa/EntityManagerFactoryAccessorCustomizer> (0x0000000771cb3750) thrown at [C:\re\workspace\8-2-build-windows-amd64-cygwin\jdk8u144\9417\hotspot\src\share\vm\classfile\systemDictiona
Event: 16.174 Thread 0x000000001f94e000 Exception <a 'java/lang/ArrayIndexOutOfBoundsException'> (0x0000000771cb71d0) thrown at [C:\re\workspace\8-2-build-windows-amd64-cygwin\jdk8u144\9417\hotspot\src\share\vm\runtime\sharedRuntime.cpp, line 605]
Event: 16.174 Thread 0x000000001f94e000 Exception <a 'java/lang/ArrayIndexOutOfBoundsException'> (0x0000000771cb9540) thrown at [C:\re\workspace\8-2-build-windows-amd64-cygwin\jdk8u144\9417\hotspot\src\share\vm\runtime\sharedRuntime.cpp, line 605]
Event: 16.175 Thread 0x000000001f94e000 Exception <a 'java/lang/ClassNotFoundException': org/springframework/orm/jpa/support/OpenEntityManagerInViewInterceptorCustomizer> (0x0000000771d1ecc0) thrown at [C:\re\workspace\8-2-build-windows-amd64-cygwin\jdk8u144\9417\hotspot\src\share\vm\classfile\

Events (10 events):
Event: 16.182 Thread 0x000000001f94e000 DEOPT PACKING pc=0x00000000031d9451 sp=0x0000000020fd8fc0
Event: 16.182 Thread 0x000000001f94e000 DEOPT UNPACKING pc=0x0000000002fd787f sp=0x0000000020fd8d20 mode 1
Event: 16.182 Thread 0x000000001f94e000 DEOPT PACKING pc=0x00000000031c31cc sp=0x0000000020fd9110
Event: 16.182 Thread 0x000000001f94e000 DEOPT UNPACKING pc=0x0000000002fd787f sp=0x0000000020fd8e88 mode 1
Event: 16.182 Thread 0x000000001f94e000 DEOPT PACKING pc=0x00000000031c2b7c sp=0x0000000020fd91c0
Event: 16.182 Thread 0x000000001f94e000 DEOPT UNPACKING pc=0x0000000002fd787f sp=0x0000000020fd8ef0 mode 1
Event: 16.182 Thread 0x000000001f94e000 DEOPT PACKING pc=0x000000000351cc84 sp=0x0000000020fd9210
Event: 16.182 Thread 0x000000001f94e000 DEOPT UNPACKING pc=0x0000000002fd787f sp=0x0000000020fd9080 mode 1
Event: 16.182 loading class javax/money$MonetaryAmount
Event: 16.182 loading class javax/money$MonetaryAmount done


Dynamic libraries:
0x00007ff72ead0000 - 0x00007ff72eb07000 	C:\Program Files\Java\jdk1.8.0_144\bin\java.exe
0x00007ff8c8300000 - 0x00007ff8c84f0000 	C:\Windows\SYSTEM32\ntdll.dll
0x00007ff8c7f80000 - 0x00007ff8c8032000 	C:\Windows\System32\KERNEL32.DLL
0x00007ff8c5520000 - 0x00007ff8c57c4000 	C:\Windows\System32\KERNELBASE.dll
0x00007ff8c6ac0000 - 0x00007ff8c6b63000 	C:\Windows\System32\ADVAPI32.dll
0x00007ff8c7a10000 - 0x00007ff8c7aae000 	C:\Windows\System32\msvcrt.dll
0x00007ff8c7b30000 - 0x00007ff8c7bc7000 	C:\Windows\System32\sechost.dll
0x00007ff8c7dd0000 - 0x00007ff8c7ef0000 	C:\Windows\System32\RPCRT4.dll
0x00007ff8c64b0000 - 0x00007ff8c6645000 	C:\Windows\System32\USER32.dll
0x00007ff8c5940000 - 0x00007ff8c5961000 	C:\Windows\System32\win32u.dll
0x00007ff8c8180000 - 0x00007ff8c81a6000 	C:\Windows\System32\GDI32.dll
0x00007ff8c5350000 - 0x00007ff8c54e6000 	C:\Windows\System32\gdi32full.dll
0x00007ff8c5a20000 - 0x00007ff8c5abe000 	C:\Windows\System32\msvcp_win.dll
0x00007ff8c5250000 - 0x00007ff8c534a000 	C:\Windows\System32\ucrtbase.dll
0x00007ff8b3020000 - 0x00007ff8b32a4000 	C:\Windows\WinSxS\amd64_microsoft.windows.common-controls_6595b64144ccf1df_6.0.18362.1016_none_9e7a36bbe461dae4\COMCTL32.dll
0x00007ff8c7500000 - 0x00007ff8c7835000 	C:\Windows\System32\combase.dll
0x00007ff8c5ac0000 - 0x00007ff8c5b40000 	C:\Windows\System32\bcryptPrimitives.dll
0x00007ff8c7f50000 - 0x00007ff8c7f7e000 	C:\Windows\System32\IMM32.DLL
0x000000006dca0000 - 0x000000006dd72000 	C:\Program Files\Java\jdk1.8.0_144\jre\bin\msvcr100.dll
0x000000006d400000 - 0x000000006dc9d000 	C:\Program Files\Java\jdk1.8.0_144\jre\bin\server\jvm.dll
0x00007ff8c74f0000 - 0x00007ff8c74f8000 	C:\Windows\System32\PSAPI.DLL
0x00007ff8abde0000 - 0x00007ff8abde9000 	C:\Windows\SYSTEM32\WSOCK32.dll
0x00007ff8c32e0000 - 0x00007ff8c3304000 	C:\Windows\SYSTEM32\WINMM.dll
0x00007ff8bf3c0000 - 0x00007ff8bf3ca000 	C:\Windows\SYSTEM32\VERSION.dll
0x00007ff8c7840000 - 0x00007ff8c78af000 	C:\Windows\System32\WS2_32.dll
0x00007ff8c32b0000 - 0x00007ff8c32dd000 	C:\Windows\SYSTEM32\winmmbase.dll
0x00007ff8c5b40000 - 0x00007ff8c5b8a000 	C:\Windows\System32\cfgmgr32.dll
0x000000006d3f0000 - 0x000000006d3ff000 	C:\Program Files\Java\jdk1.8.0_144\jre\bin\verify.dll
0x000000006d3c0000 - 0x000000006d3e9000 	C:\Program Files\Java\jdk1.8.0_144\jre\bin\java.dll
0x000000006d270000 - 0x000000006d2a5000 	C:\Program Files\Java\jdk1.8.0_144\jre\bin\jdwp.dll
0x000000006d260000 - 0x000000006d268000 	C:\Program Files\Java\jdk1.8.0_144\jre\bin\npt.dll
0x000000006d230000 - 0x000000006d253000 	C:\Program Files\Java\jdk1.8.0_144\jre\bin\instrument.dll
0x000000006d3a0000 - 0x000000006d3b6000 	C:\Program Files\Java\jdk1.8.0_144\jre\bin\zip.dll
0x00007ff8c6b70000 - 0x00007ff8c7257000 	C:\Windows\System32\SHELL32.dll
0x00007ff8c7c70000 - 0x00007ff8c7d19000 	C:\Windows\System32\shcore.dll
0x00007ff8c5bf0000 - 0x00007ff8c6372000 	C:\Windows\System32\windows.storage.dll
0x00007ff8c5220000 - 0x00007ff8c5243000 	C:\Windows\System32\profapi.dll
0x00007ff8c51b0000 - 0x00007ff8c51fa000 	C:\Windows\System32\powrprof.dll
0x00007ff8c5180000 - 0x00007ff8c5190000 	C:\Windows\System32\UMPDC.dll
0x00007ff8c6380000 - 0x00007ff8c63d2000 	C:\Windows\System32\shlwapi.dll
0x00007ff8c5200000 - 0x00007ff8c5211000 	C:\Windows\System32\kernel.appcore.dll
0x00007ff8c5920000 - 0x00007ff8c5937000 	C:\Windows\System32\cryptsp.dll
0x000000006d1d0000 - 0x000000006d1db000 	C:\Program Files\Java\jdk1.8.0_144\jre\bin\dt_shmem.dll
0x000000006d380000 - 0x000000006d39a000 	C:\Program Files\Java\jdk1.8.0_144\jre\bin\net.dll
0x00007ff8c4980000 - 0x00007ff8c49e7000 	C:\Windows\system32\mswsock.dll
0x00007ff8c46d0000 - 0x00007ff8c479b000 	C:\Windows\SYSTEM32\DNSAPI.dll
0x00007ff8c7bd0000 - 0x00007ff8c7bd8000 	C:\Windows\System32\NSI.dll
0x00007ff8c4690000 - 0x00007ff8c46ca000 	C:\Windows\SYSTEM32\IPHLPAPI.DLL
0x00007ff8bd8d0000 - 0x00007ff8bd8da000 	C:\Windows\System32\rasadhlp.dll
0x00007ff8bec00000 - 0x00007ff8bec77000 	C:\Windows\System32\fwpuclnt.dll
0x00007ff8c54f0000 - 0x00007ff8c5516000 	C:\Windows\System32\bcrypt.dll
0x000000006d2b0000 - 0x000000006d2bd000 	C:\Program Files\Java\jdk1.8.0_144\jre\bin\management.dll
0x000000006d360000 - 0x000000006d371000 	C:\Program Files\Java\jdk1.8.0_144\jre\bin\nio.dll
0x00007ff8c44f0000 - 0x00007ff8c4523000 	C:\Windows\system32\rsaenh.dll
0x00007ff8c50a0000 - 0x00007ff8c50c5000 	C:\Windows\SYSTEM32\USERENV.dll
0x00007ff8c4b50000 - 0x00007ff8c4b5c000 	C:\Windows\SYSTEM32\CRYPTBASE.dll
0x00007ff8bf3a0000 - 0x00007ff8bf3b6000 	C:\Windows\SYSTEM32\dhcpcsvc6.DLL
0x00007ff8bf330000 - 0x00007ff8bf34c000 	C:\Windows\SYSTEM32\dhcpcsvc.DLL
0x00007ff8b5080000 - 0x00007ff8b5096000 	C:\Windows\system32\napinsp.dll
0x00007ff8b4bb0000 - 0x00007ff8b4bca000 	C:\Windows\system32\pnrpnsp.dll
0x00007ff8b4b50000 - 0x00007ff8b4b5e000 	C:\Windows\System32\winrnr.dll
0x00007ff8c1600000 - 0x00007ff8c161c000 	C:\Windows\system32\NLAapi.dll
0x00007ff8b4b20000 - 0x00007ff8b4b35000 	C:\Windows\system32\wshbth.dll

VM Arguments:
jvm_args: -agentlib:jdwp=transport=dt_shmem,address=javadebug,suspend=y,server=n -XX:TieredStopAtLevel=1 -Xverify:none -Dspring.output.ansi.enabled=always -Dcom.sun.management.jmxremote -Dspring.jmx.enabled=true -Dspring.liveBeansView.mbeanDomain -Dspring.application.admin.enabled=true -javaagent:C:\Users\ADMIN\.IntelliJIdea2019.1\system\groovyHotSwap\gragent.jar -javaagent:C:\Users\ADMIN\.IntelliJIdea2019.1\system\captureAgent\debugger-agent.jar -Dfile.encoding=UTF-8 
java_command: com.vn.osp.notarialservices.NotarialServicesAPIApplication
java_class_path (initial): C:\Program Files\Java\jdk1.8.0_144\jre\lib\charsets.jar;C:\Program Files\Java\jdk1.8.0_144\jre\lib\deploy.jar;C:\Program Files\Java\jdk1.8.0_144\jre\lib\ext\access-bridge-64.jar;C:\Program Files\Java\jdk1.8.0_144\jre\lib\ext\cldrdata.jar;C:\Program Files\Java\jdk1.8.0_144\jre\lib\ext\dnsns.jar;C:\Program Files\Java\jdk1.8.0_144\jre\lib\ext\jaccess.jar;C:\Program Files\Java\jdk1.8.0_144\jre\lib\ext\jfxrt.jar;C:\Program Files\Java\jdk1.8.0_144\jre\lib\ext\localedata.jar;C:\Program Files\Java\jdk1.8.0_144\jre\lib\ext\nashorn.jar;C:\Program Files\Java\jdk1.8.0_144\jre\lib\ext\sunec.jar;C:\Program Files\Java\jdk1.8.0_144\jre\lib\ext\sunjce_provider.jar;C:\Program Files\Java\jdk1.8.0_144\jre\lib\ext\sunmscapi.jar;C:\Program Files\Java\jdk1.8.0_144\jre\lib\ext\sunpkcs11.jar;C:\Program Files\Java\jdk1.8.0_144\jre\lib\ext\zipfs.jar;C:\Program Files\Java\jdk1.8.0_144\jre\lib\javaws.jar;C:\Program Files\Java\jdk1.8.0_144\jre\lib\jce.jar;C:\Program Files\Java\jdk1.8.0_144\jre\lib\jfr.jar;C:\Program Files\Java\jdk1.8.0_144\jre\lib\jfxswt.jar;C:\Program Files\Java\jdk1.8.0_144\jre\lib\jsse.jar;C:\Program Files\Java\jdk1.8.0_144\jre\lib\management-agent.jar;C:\Program Files\Java\jdk1.8.0_144\jre\lib\plugin.jar;C:\Program Files\Java\jdk1.8.0_144\jre\lib\resources.jar;C:\Program Files\Java\jdk1.8.0_144\jre\lib\rt.jar;F:\TaiLieu\UCHI_FORMAT_HOPDONG_ONLINE\UCHI_FORMAT_HOPDONG_ONLINE\UCHI_V4_PHUONGXA_KIENGIANG\uchi_vpcc_api\out\production\classes;F:\TaiLieu\UCHI_FORMAT_HOPDONG_ONLINE\UCHI_FORMAT_HOPDONG_ONLINE\UCHI_V4_PHUONGXA_KIENGIANG\uchi_vpcc_api\out\production\resources;C:\Users\ADMIN\.gradle\caches\modules-2\files-2.1\org.springframework.cloud\spring-cloud-starter-oauth2\1.1.0.RELEASE\1fe0c4753b5d3ee29308e15344819e2f0e961db6\spring-cloud-starter-oauth2-1.1.0.RELEASE.jar;C:\Users\ADMIN\.gradle\caches\modules-2\files-2.1\org.springframework.boot\spring-boot-starter-tomcat\1.3.5.RELEASE\b4c6277ccec38c51716659886efec073c4b386ea\spring-boot-starter-tomcat-
Launcher Type: SUN_STANDARD

Environment Variables:
JAVA_HOME=C:\Program Files\Java\jdk1.8.0_144
PATH=C:\Program Files\Microsoft MPI\Bin\;C:\Program Files (x86)\Common Files\Oracle\Java\javapath;C:\Program Files\Java\jdk1.8.0_144\bin;C:\ProgramData\Oracle\Java\javapath;C:\Windows\system32;C:\Windows;C:\Windows\System32\Wbem;C:\Windows\System32\WindowsPowerShell\v1.0\;C:\Windows\System32\OpenSSH\;F:\PhanMem\SVN\bin;C:\Users\ADMIN\AppData\Local\Android\Sdk\platform-tools;F:\PhanMem\Yarn\bin\;F:\PhanMem\TortoiseGit\bin;C:\xampp\php;C:\Program Files\dotnet\;C:\Program Files\Microsoft SQL Server\Client SDK\ODBC\170\Tools\Binn\;F:\TaiLieu\DaiCQ\TaiLieu\FREELANCER\xampp\php;C:\ProgramData\ComposerSetup\bin;F:\PhanMem\Maven\apache-maven-3.6.3\bin;C:\Program Files\Microsoft SQL Server\Client SDK\ODBC\110\Tools\Binn\;C:\Program Files\Microsoft SQL Server\Client SDK\ODBC\130\Tools\Binn\;C:\Program Files (x86)\Microsoft SQL Server\140\Tools\Binn\;C:\Program Files\Microsoft SQL Server\140\Tools\Binn\;C:\Program Files\Microsoft SQL Server\140\DTS\Binn\;C:\Program Files (x86)\Microsoft SQL Server\140\DTS\Binn\;F:\PhanMem\Nodejs\;C:\Program Files\Git\cmd;C:\Users\ADMIN\AppData\Local\Microsoft\WindowsApps;C:\Program Files\JetBrains\IntelliJ IDEA 2019.2.2\bin;F:\PhanMem\VSCode\Microsoft VS Code\bin;C:\Users\ADMIN\AppData\Local\Yarn\bin;C:\Users\ADMIN\AppData\Local\GitHubDesktop\bin;F:\PhanMem\Phpstorm\PhpStorm 2019.3\bin;;C:\Users\ADMIN\AppData\Roaming\Composer\vendor\bin;F:\PhanMem\Maven\apache-maven-3.6.3\bin;F:\PhanMem\SSHTool;C:\Users\ADMIN\AppData\Roaming\npm;E:\PhanMem\SDK\platform-tools;C:\Users\ADMIN\AppData\Local\Android\Sdk\platform-tools;
USERNAME=ADMIN
OS=Windows_NT
PROCESSOR_IDENTIFIER=Intel64 Family 6 Model 158 Stepping 10, GenuineIntel



---------------  S Y S T E M  ---------------

OS: Windows 10.0 , 64 bit Build 18362 (10.0.18362.959)

CPU:total 6 (initial active 6) (6 cores per cpu, 1 threads per core) family 6 model 158 stepping 10, cmov, cx8, fxsr, mmx, sse, sse2, sse3, ssse3, sse4.1, sse4.2, popcnt, avx, avx2, aes, clmul, erms, 3dnowpref, lzcnt, tsc, tscinvbit, bmi1, bmi2, adx

Memory: 4k page, physical 16439260k(580104k free), swap 31009112k(1484k free)

vm_info: Java HotSpot(TM) 64-Bit Server VM (25.144-b01) for windows-amd64 JRE (1.8.0_144-b01), built on Jul 21 2017 21:57:33 by "java_re" with MS VC++ 10.0 (VS2010)

time: Fri Sep 04 08:55:07 2020
elapsed time: 16 seconds (0d 0h 0m 16s)

